
> @repo/docs@0.0.0 build /Users/jakemerringer/justifi-tech/web-component-library/apps/docs
> storybook build --docs

@storybook/cli v7.6.9

info => Cleaning outputDir: /storybook-static
[33mThe CJS build of Vite's Node API is deprecated. See https://vitejs.dev/guide/troubleshooting.html#vite-cjs-node-api-deprecated for more details.[39m
info => Loading presets
info Found existing addon "@storybook/addon-docs", skipping.
info Found existing addon "@storybook/addon-docs", skipping.
info => Building manager..
info => Manager built (80 ms)
info => Building preview..
info => Copying static files: /Users/jakemerringer/justifi-tech/web-component-library/node_modules/.pnpm/@storybook+manager@7.6.9/node_modules/@storybook/manager/static at /Users/jakemerringer/justifi-tech/web-component-library/apps/docs/storybook-static/sb-common-assets
vite v5.0.11 building for production...

./sb-common-assets/fonts.css doesn't exist at build time, it will remain unchanged to be resolved at runtime
transforming...
../../node_modules/.pnpm/telejson@7.2.0/node_modules/telejson/dist/index.mjs (1413:15) Use of eval in "../../node_modules/.pnpm/telejson@7.2.0/node_modules/telejson/dist/index.mjs" is strongly discouraged as it poses security risks and may cause issues with minification.
../../node_modules/.pnpm/telejson@7.2.0/node_modules/telejson/dist/index.mjs (1416:18) Use of eval in "../../node_modules/.pnpm/telejson@7.2.0/node_modules/telejson/dist/index.mjs" is strongly discouraged as it poses security risks and may cause issues with minification.
✓ 535 modules transformed.
rendering chunks...
computing gzip size...
storybook-static/iframe.html                                     12.57 kB │ gzip:   3.56 kB
storybook-static/assets/preview-usRY7eJr.css                     16.94 kB │ gzip:   3.55 kB
storybook-static/assets/entry-preview-7r0aBhZ_.js                 0.18 kB │ gzip:   0.16 kB
storybook-static/assets/tiny-invariant-VyoA2Os1.js                0.18 kB │ gzip:   0.15 kB
storybook-static/assets/preview-kvQ52cZg.js                       0.23 kB │ gzip:   0.20 kB
storybook-static/assets/DocsRenderer-NNNQARDV-Qr7C0HZk.js         0.25 kB │ gzip:   0.19 kB
storybook-static/assets/WithTooltip-V3YHNWJZ-WUoPeTEN.js          0.27 kB │ gzip:   0.19 kB
storybook-static/assets/syntaxhighlighter-V7JZZA35-P8ZlPMkG.js    0.29 kB │ gzip:   0.22 kB
storybook-static/assets/index-DGuKoCzu.js                         0.33 kB │ gzip:   0.23 kB
storybook-static/assets/index-y0wKD-0Y.js                         0.50 kB │ gzip:   0.32 kB
storybook-static/assets/preview-kRCeFodf.js                       0.61 kB │ gzip:   0.36 kB
storybook-static/assets/preview-VI2eoWmp.js                       0.64 kB │ gzip:   0.44 kB
storybook-static/assets/index-PPLHz8o0.js                         0.77 kB │ gzip:   0.47 kB
storybook-static/assets/preview-bEa2SesL.js                       0.86 kB │ gzip:   0.55 kB
storybook-static/assets/jsx-runtime-GuBmAVs9.js                   0.93 kB │ gzip:   0.59 kB
storybook-static/assets/preview-98732p1V.js                       2.53 kB │ gzip:   1.29 kB
storybook-static/assets/index-ogXoivrg.js                         2.59 kB │ gzip:   1.26 kB
storybook-static/assets/payouts-list.stories-5rEN0Wrn.js          2.73 kB │ gzip:   0.84 kB
storybook-static/assets/payments-list.stories-Y9zPA_uO.js         2.74 kB │ gzip:   0.83 kB
storybook-static/assets/preview-errors-7FWlPnjy.js                2.80 kB │ gzip:   1.29 kB
storybook-static/assets/preview-FekBEZxm.js                       3.19 kB │ gzip:   1.37 kB
storybook-static/assets/payments-list-docs.stories-DcfwIT87.js    3.86 kB │ gzip:   1.50 kB
storybook-static/assets/entry-preview-docs-hh38mFcg.js            3.88 kB │ gzip:   1.90 kB
storybook-static/assets/iframe-MrM1_WEe.js                        4.81 kB │ gzip:   1.83 kB
storybook-static/assets/preview-u8M_OEO2.js                       7.62 kB │ gzip:   1.56 kB
storybook-static/assets/preview-9bpQVOkQ.js                       8.16 kB │ gzip:   3.10 kB
storybook-static/assets/introduction.stories-ZXVHDwJg.js         12.48 kB │ gzip:   3.66 kB
storybook-static/assets/chunk-FJPRWHXQ-WJWwzmLi.js               16.90 kB │ gzip:   6.34 kB
storybook-static/assets/Color-6VNJS4EI--ulZZQaU.js               30.88 kB │ gzip:  11.58 kB
storybook-static/assets/index-x2V4ZJ-3.js                        64.33 kB │ gzip:  18.38 kB
storybook-static/assets/documentation-components-tULBXBcu.js     99.27 kB │ gzip:  10.72 kB
storybook-static/assets/justifi-payments-list-wKVgliJJ.js       345.82 kB │ gzip:  65.14 kB
storybook-static/assets/formatter-SWP5E3XI-_JtPA0sP.js          601.46 kB │ gzip: 184.95 kB
storybook-static/assets/chunk-HLWAVYOI-uEiw7SrR.js              687.20 kB │ gzip: 223.78 kB

(!) Some chunks are larger than 500 kB after minification. Consider:
- Using dynamic import() to code-split the application
- Use build.rollupOptions.output.manualChunks to improve chunking: https://rollupjs.org/configuration-options/#output-manualchunks
- Adjust chunk size limit for this warning via build.chunkSizeWarningLimit.
✓ built in 2.72s
info => Preview built (3.1 s)
info => Output directory: /Users/jakemerringer/justifi-tech/web-component-library/apps/docs/storybook-static
